                                                                                                                        
>>>>>>>>>>>>>>>>>>>>>>>>>>>>>>>>>>>>>>>>>>>>>>>>>>>>>>>>>>>>>>>>>>>>>>>>>>>>>>>>>>>>>>>>>>>>>>>>>>>>>>>>>>>>>>>>>>>>>>>>
2024-03-29 14:29:47,386 - INFO - START github_automation =============================================
2024-03-29 14:29:47,386 - INFO - START github_automation Start Time = 2024-03-29 14:29:47
2024-03-29 14:29:47,386 - INFO - github_automation Step 0 - Initialize the configuration file parser
2024-03-29 14:29:47,407 - INFO - Imported existing <module 'comtypes.gen' from 'C:\\Users\\josep\\anaconda3\\lib\\site-packages\\comtypes\\gen\\__init__.py'>
2024-03-29 14:29:47,408 - INFO - Using writeable comtypes cache directory: 'C:\Users\josep\anaconda3\lib\site-packages\comtypes\gen'
2024-03-29 14:29:53,041 - INFO - Process github_automation Step 0 - Initializing and starting Process.
2024-03-29 14:29:59,056 - INFO - Process github_automation Step 0 - provide function to get the API Key used for automation.
2024-03-29 14:32:17,743 - INFO - PERFORMANCE github_automation The total process duration was:150.36
2024-03-29 14:32:17,743 - INFO - PERFORMANCE github_automation Stop Time = 2024-03-29 14:32:17
2024-03-29 14:32:17,743 - INFO - PERFORMANCE github_automation Medium process duration greater than 3 minutes:150.36
2024-03-29 14:32:17,743 - INFO - PERFORMANCE github_automation Performance optimization is optional
2024-03-29 14:32:17,744 - INFO - END github_automation =============================================

<<<<<<<<<<<<<<<<<<<<<<<<<<<<<<<<<<<<<<<<<<<<<<<<<<<<<<<<<<<<<<<<<<<<<<<<<<<<<<<<<<<<<<<<<<<<<<<<<<<<<<<<<<<<<<<<<<<<<<<<
                                                                                                                        
                                                                                                                        
>>>>>>>>>>>>>>>>>>>>>>>>>>>>>>>>>>>>>>>>>>>>>>>>>>>>>>>>>>>>>>>>>>>>>>>>>>>>>>>>>>>>>>>>>>>>>>>>>>>>>>>>>>>>>>>>>>>>>>>>
2024-03-29 14:32:40,434 - INFO - START github_automation =============================================
2024-03-29 14:32:40,435 - INFO - START github_automation Start Time = 2024-03-29 14:32:40
2024-03-29 14:32:40,435 - INFO - github_automation Step 0 - Initialize the configuration file parser
2024-03-29 14:32:40,459 - INFO - Imported existing <module 'comtypes.gen' from 'C:\\Users\\josep\\anaconda3\\lib\\site-packages\\comtypes\\gen\\__init__.py'>
2024-03-29 14:32:40,459 - INFO - Using writeable comtypes cache directory: 'C:\Users\josep\anaconda3\lib\site-packages\comtypes\gen'
2024-03-29 14:32:46,091 - INFO - Process github_automation Step 0 - Initializing and starting Process.
2024-03-29 14:32:52,110 - INFO - Process github_automation Step 0 - provide function to get the API Key used for automation.
2024-03-29 14:33:00,474 - INFO - PERFORMANCE github_automation The total process duration was:20.04
2024-03-29 14:33:00,474 - INFO - PERFORMANCE github_automation Stop Time = 2024-03-29 14:33:00
2024-03-29 14:33:00,475 - INFO - PERFORMANCE github_automation Low process duration less than 3 minutes:20.04
2024-03-29 14:33:00,475 - INFO - PERFORMANCE github_automation Performance optimization is optional
2024-03-29 14:33:00,475 - INFO - END github_automation =============================================

<<<<<<<<<<<<<<<<<<<<<<<<<<<<<<<<<<<<<<<<<<<<<<<<<<<<<<<<<<<<<<<<<<<<<<<<<<<<<<<<<<<<<<<<<<<<<<<<<<<<<<<<<<<<<<<<<<<<<<<<
                                                                                                                        
                                                                                                                        
>>>>>>>>>>>>>>>>>>>>>>>>>>>>>>>>>>>>>>>>>>>>>>>>>>>>>>>>>>>>>>>>>>>>>>>>>>>>>>>>>>>>>>>>>>>>>>>>>>>>>>>>>>>>>>>>>>>>>>>>
2024-03-29 14:53:28,306 - INFO - START github_automation =============================================
2024-03-29 14:53:28,306 - INFO - START github_automation Start Time = 2024-03-29 14:53:28
2024-03-29 14:53:28,306 - INFO - github_automation Step 0 - Initialize the configuration file parser
2024-03-29 14:53:28,328 - INFO - Imported existing <module 'comtypes.gen' from 'C:\\Users\\josep\\anaconda3\\lib\\site-packages\\comtypes\\gen\\__init__.py'>
2024-03-29 14:53:28,329 - INFO - Using writeable comtypes cache directory: 'C:\Users\josep\anaconda3\lib\site-packages\comtypes\gen'
2024-03-29 14:53:34,072 - INFO - Process github_automation Step 0 - Initializing and starting Process.
2024-03-29 14:53:40,107 - INFO - Process github_automation Step 0 - provide function to get the API Key used for automation.
2024-03-29 14:53:50,947 - INFO - PERFORMANCE github_automation The total process duration was:22.64
2024-03-29 14:53:50,947 - INFO - PERFORMANCE github_automation Stop Time = 2024-03-29 14:53:50
2024-03-29 14:53:50,947 - INFO - PERFORMANCE github_automation Low process duration less than 3 minutes:22.64
2024-03-29 14:53:50,947 - INFO - PERFORMANCE github_automation Performance optimization is optional
2024-03-29 14:53:50,947 - INFO - END github_automation =============================================

<<<<<<<<<<<<<<<<<<<<<<<<<<<<<<<<<<<<<<<<<<<<<<<<<<<<<<<<<<<<<<<<<<<<<<<<<<<<<<<<<<<<<<<<<<<<<<<<<<<<<<<<<<<<<<<<<<<<<<<<
                                                                                                                        
                                                                                                                        
>>>>>>>>>>>>>>>>>>>>>>>>>>>>>>>>>>>>>>>>>>>>>>>>>>>>>>>>>>>>>>>>>>>>>>>>>>>>>>>>>>>>>>>>>>>>>>>>>>>>>>>>>>>>>>>>>>>>>>>>
2024-03-29 17:01:58,569 - INFO - START github_automation =============================================
2024-03-29 17:01:58,569 - INFO - START github_automation Start Time = 2024-03-29 17:01:58
2024-03-29 17:01:58,569 - INFO - github_automation Step 0 - Initialize the configuration file parser
2024-03-29 17:01:58,591 - INFO - Imported existing <module 'comtypes.gen' from 'C:\\Users\\josep\\anaconda3\\lib\\site-packages\\comtypes\\gen\\__init__.py'>
2024-03-29 17:01:58,591 - INFO - Using writeable comtypes cache directory: 'C:\Users\josep\anaconda3\lib\site-packages\comtypes\gen'
2024-03-29 17:02:04,363 - INFO - Process github_automation Step 0 - Initializing and starting Process.
2024-03-29 17:02:10,402 - INFO - Process github_automation Step 0 - provide function to get the API Key used for automation.
2024-03-29 17:02:19,340 - INFO - PERFORMANCE github_automation The total process duration was:20.77
2024-03-29 17:02:19,340 - INFO - PERFORMANCE github_automation Stop Time = 2024-03-29 17:02:19
2024-03-29 17:02:19,341 - INFO - PERFORMANCE github_automation Low process duration less than 3 minutes:20.77
2024-03-29 17:02:19,341 - INFO - PERFORMANCE github_automation Performance optimization is optional
2024-03-29 17:02:19,341 - INFO - END github_automation =============================================

<<<<<<<<<<<<<<<<<<<<<<<<<<<<<<<<<<<<<<<<<<<<<<<<<<<<<<<<<<<<<<<<<<<<<<<<<<<<<<<<<<<<<<<<<<<<<<<<<<<<<<<<<<<<<<<<<<<<<<<<
                                                                                                                        
                                                                                                                        
>>>>>>>>>>>>>>>>>>>>>>>>>>>>>>>>>>>>>>>>>>>>>>>>>>>>>>>>>>>>>>>>>>>>>>>>>>>>>>>>>>>>>>>>>>>>>>>>>>>>>>>>>>>>>>>>>>>>>>>>
2024-03-29 17:29:25,180 - INFO - START github_automation =============================================
2024-03-29 17:29:25,180 - INFO - START github_automation Start Time = 2024-03-29 17:29:25
2024-03-29 17:29:25,180 - INFO - github_automation Step 0 - Initialize the configuration file parser
2024-03-29 17:29:25,204 - INFO - Imported existing <module 'comtypes.gen' from 'C:\\Users\\josep\\anaconda3\\lib\\site-packages\\comtypes\\gen\\__init__.py'>
2024-03-29 17:29:25,204 - INFO - Using writeable comtypes cache directory: 'C:\Users\josep\anaconda3\lib\site-packages\comtypes\gen'
2024-03-29 17:29:30,846 - INFO - Process github_automation Step 0 - Initializing and starting Process.
2024-03-29 17:29:36,867 - INFO - Process github_automation Step 0 - provide function to get the API Key used for automation.
2024-03-29 17:29:46,600 - INFO - PERFORMANCE github_automation The total process duration was:21.42
2024-03-29 17:29:46,600 - INFO - PERFORMANCE github_automation Stop Time = 2024-03-29 17:29:46
2024-03-29 17:29:46,600 - INFO - PERFORMANCE github_automation Low process duration less than 3 minutes:21.42
2024-03-29 17:29:46,600 - INFO - PERFORMANCE github_automation Performance optimization is optional
2024-03-29 17:29:46,601 - INFO - END github_automation =============================================

<<<<<<<<<<<<<<<<<<<<<<<<<<<<<<<<<<<<<<<<<<<<<<<<<<<<<<<<<<<<<<<<<<<<<<<<<<<<<<<<<<<<<<<<<<<<<<<<<<<<<<<<<<<<<<<<<<<<<<<<
                                                                                                                        
                                                                                                                        
>>>>>>>>>>>>>>>>>>>>>>>>>>>>>>>>>>>>>>>>>>>>>>>>>>>>>>>>>>>>>>>>>>>>>>>>>>>>>>>>>>>>>>>>>>>>>>>>>>>>>>>>>>>>>>>>>>>>>>>>
2024-04-07 14:23:06,564 - INFO - START github_automation =============================================
2024-04-07 14:23:06,564 - INFO - START github_automation Start Time = 2024-04-07 14:23:06
2024-04-07 14:23:06,564 - INFO - github_automation Step 0 - Initialize the configuration file parser
2024-04-07 14:23:06,592 - INFO - Imported existing <module 'comtypes.gen' from 'C:\\Users\\josep\\anaconda3\\lib\\site-packages\\comtypes\\gen\\__init__.py'>
2024-04-07 14:23:06,592 - INFO - Using writeable comtypes cache directory: 'C:\Users\josep\anaconda3\lib\site-packages\comtypes\gen'
2024-04-07 14:23:12,439 - INFO - Process github_automation Step 0 - Initializing and starting Process.
2024-04-07 14:23:18,482 - INFO - Process github_automation Step 0 - provide function to get the API Key used for automation.
2024-04-07 14:23:34,376 - INFO - PERFORMANCE github_automation The total process duration was:27.81
2024-04-07 14:23:34,376 - INFO - PERFORMANCE github_automation Stop Time = 2024-04-07 14:23:34
2024-04-07 14:23:34,377 - INFO - PERFORMANCE github_automation Low process duration less than 3 minutes:27.81
2024-04-07 14:23:34,377 - INFO - PERFORMANCE github_automation Performance optimization is optional
2024-04-07 14:23:34,377 - INFO - END github_automation =============================================

<<<<<<<<<<<<<<<<<<<<<<<<<<<<<<<<<<<<<<<<<<<<<<<<<<<<<<<<<<<<<<<<<<<<<<<<<<<<<<<<<<<<<<<<<<<<<<<<<<<<<<<<<<<<<<<<<<<<<<<<
                                                                                                                        
                                                                                                                        
>>>>>>>>>>>>>>>>>>>>>>>>>>>>>>>>>>>>>>>>>>>>>>>>>>>>>>>>>>>>>>>>>>>>>>>>>>>>>>>>>>>>>>>>>>>>>>>>>>>>>>>>>>>>>>>>>>>>>>>>
2024-04-08 14:47:48,547 - INFO - START github_automation =============================================
2024-04-08 14:47:48,548 - INFO - START github_automation Start Time = 2024-04-08 14:47:48
2024-04-08 14:47:48,548 - INFO - github_automation Step 0 - Initialize the configuration file parser
2024-04-08 14:47:48,570 - INFO - Imported existing <module 'comtypes.gen' from 'C:\\Users\\josep\\anaconda3\\lib\\site-packages\\comtypes\\gen\\__init__.py'>
2024-04-08 14:47:48,570 - INFO - Using writeable comtypes cache directory: 'C:\Users\josep\anaconda3\lib\site-packages\comtypes\gen'
2024-04-08 14:47:54,406 - INFO - Process github_automation Step 0 - Initializing and starting Process.
2024-04-08 14:48:00,454 - INFO - Process github_automation Step 0 - provide function to get the API Key used for automation.
2024-04-08 14:48:17,658 - INFO - PERFORMANCE github_automation The total process duration was:29.11
2024-04-08 14:48:17,659 - INFO - PERFORMANCE github_automation Stop Time = 2024-04-08 14:48:17
2024-04-08 14:48:17,659 - INFO - PERFORMANCE github_automation Low process duration less than 3 minutes:29.11
2024-04-08 14:48:17,659 - INFO - PERFORMANCE github_automation Performance optimization is optional
2024-04-08 14:48:17,659 - INFO - END github_automation =============================================

<<<<<<<<<<<<<<<<<<<<<<<<<<<<<<<<<<<<<<<<<<<<<<<<<<<<<<<<<<<<<<<<<<<<<<<<<<<<<<<<<<<<<<<<<<<<<<<<<<<<<<<<<<<<<<<<<<<<<<<<
                                                                                                                        
                                                                                                                        
>>>>>>>>>>>>>>>>>>>>>>>>>>>>>>>>>>>>>>>>>>>>>>>>>>>>>>>>>>>>>>>>>>>>>>>>>>>>>>>>>>>>>>>>>>>>>>>>>>>>>>>>>>>>>>>>>>>>>>>>
2024-04-08 14:49:25,858 - INFO - START github_automation =============================================
2024-04-08 14:49:25,858 - INFO - START github_automation Start Time = 2024-04-08 14:49:25
2024-04-08 14:49:25,858 - INFO - github_automation Step 0 - Initialize the configuration file parser
2024-04-08 14:49:25,880 - INFO - Imported existing <module 'comtypes.gen' from 'C:\\Users\\josep\\anaconda3\\lib\\site-packages\\comtypes\\gen\\__init__.py'>
2024-04-08 14:49:25,880 - INFO - Using writeable comtypes cache directory: 'C:\Users\josep\anaconda3\lib\site-packages\comtypes\gen'
2024-04-08 14:49:31,688 - INFO - Process github_automation Step 0 - Initializing and starting Process.
2024-04-08 14:49:37,718 - INFO - Process github_automation Step 0 - provide function to get the API Key used for automation.
2024-04-08 14:49:49,783 - INFO - PERFORMANCE github_automation The total process duration was:23.93
2024-04-08 14:49:49,783 - INFO - PERFORMANCE github_automation Stop Time = 2024-04-08 14:49:49
2024-04-08 14:49:49,783 - INFO - PERFORMANCE github_automation Low process duration less than 3 minutes:23.93
2024-04-08 14:49:49,783 - INFO - PERFORMANCE github_automation Performance optimization is optional
2024-04-08 14:49:49,783 - INFO - END github_automation =============================================

<<<<<<<<<<<<<<<<<<<<<<<<<<<<<<<<<<<<<<<<<<<<<<<<<<<<<<<<<<<<<<<<<<<<<<<<<<<<<<<<<<<<<<<<<<<<<<<<<<<<<<<<<<<<<<<<<<<<<<<<
                                                                                                                        
                                                                                                                        
>>>>>>>>>>>>>>>>>>>>>>>>>>>>>>>>>>>>>>>>>>>>>>>>>>>>>>>>>>>>>>>>>>>>>>>>>>>>>>>>>>>>>>>>>>>>>>>>>>>>>>>>>>>>>>>>>>>>>>>>
2024-04-08 16:13:37,727 - INFO - START github_automation =============================================
2024-04-08 16:13:37,727 - INFO - START github_automation Start Time = 2024-04-08 16:13:37
2024-04-08 16:13:37,727 - INFO - github_automation Step 0 - Initialize the configuration file parser
2024-04-08 16:13:37,749 - INFO - Imported existing <module 'comtypes.gen' from 'C:\\Users\\josep\\anaconda3\\lib\\site-packages\\comtypes\\gen\\__init__.py'>
2024-04-08 16:13:37,749 - INFO - Using writeable comtypes cache directory: 'C:\Users\josep\anaconda3\lib\site-packages\comtypes\gen'
2024-04-08 16:13:43,567 - INFO - Process github_automation Step 0 - Initializing and starting Process.
2024-04-08 16:13:49,605 - INFO - Process github_automation Step 0 - provide function to get the API Key used for automation.
2024-04-08 16:14:02,096 - INFO - PERFORMANCE github_automation The total process duration was:24.37
2024-04-08 16:14:02,096 - INFO - PERFORMANCE github_automation Stop Time = 2024-04-08 16:14:02
2024-04-08 16:14:02,096 - INFO - PERFORMANCE github_automation Low process duration less than 3 minutes:24.37
2024-04-08 16:14:02,096 - INFO - PERFORMANCE github_automation Performance optimization is optional
2024-04-08 16:14:02,096 - INFO - END github_automation =============================================

<<<<<<<<<<<<<<<<<<<<<<<<<<<<<<<<<<<<<<<<<<<<<<<<<<<<<<<<<<<<<<<<<<<<<<<<<<<<<<<<<<<<<<<<<<<<<<<<<<<<<<<<<<<<<<<<<<<<<<<<
                                                                                                                        
                                                                                                                        
>>>>>>>>>>>>>>>>>>>>>>>>>>>>>>>>>>>>>>>>>>>>>>>>>>>>>>>>>>>>>>>>>>>>>>>>>>>>>>>>>>>>>>>>>>>>>>>>>>>>>>>>>>>>>>>>>>>>>>>>
2024-04-08 16:43:18,925 - INFO - START github_automation =============================================
2024-04-08 16:43:18,925 - INFO - START github_automation Start Time = 2024-04-08 16:43:18
2024-04-08 16:43:18,925 - INFO - github_automation Step 0 - Initialize the configuration file parser
2024-04-08 16:43:18,948 - INFO - Imported existing <module 'comtypes.gen' from 'C:\\Users\\josep\\anaconda3\\lib\\site-packages\\comtypes\\gen\\__init__.py'>
2024-04-08 16:43:18,948 - INFO - Using writeable comtypes cache directory: 'C:\Users\josep\anaconda3\lib\site-packages\comtypes\gen'
2024-04-08 16:43:24,593 - INFO - Process github_automation Step 0 - Initializing and starting Process.
2024-04-08 16:43:30,623 - INFO - Process github_automation Step 0 - provide function to get the API Key used for automation.
2024-04-08 16:43:47,638 - INFO - PERFORMANCE github_automation The total process duration was:28.71
2024-04-08 16:43:47,638 - INFO - PERFORMANCE github_automation Stop Time = 2024-04-08 16:43:47
2024-04-08 16:43:47,638 - INFO - PERFORMANCE github_automation Low process duration less than 3 minutes:28.71
2024-04-08 16:43:47,638 - INFO - PERFORMANCE github_automation Performance optimization is optional
2024-04-08 16:43:47,638 - INFO - END github_automation =============================================

<<<<<<<<<<<<<<<<<<<<<<<<<<<<<<<<<<<<<<<<<<<<<<<<<<<<<<<<<<<<<<<<<<<<<<<<<<<<<<<<<<<<<<<<<<<<<<<<<<<<<<<<<<<<<<<<<<<<<<<<
                                                                                                                        
                                                                                                                        
>>>>>>>>>>>>>>>>>>>>>>>>>>>>>>>>>>>>>>>>>>>>>>>>>>>>>>>>>>>>>>>>>>>>>>>>>>>>>>>>>>>>>>>>>>>>>>>>>>>>>>>>>>>>>>>>>>>>>>>>
2024-04-08 17:26:20,159 - INFO - START github_automation =============================================
2024-04-08 17:26:20,159 - INFO - START github_automation Start Time = 2024-04-08 17:26:20
2024-04-08 17:26:20,159 - INFO - github_automation Step 0 - Initialize the configuration file parser
2024-04-08 17:26:20,181 - INFO - Imported existing <module 'comtypes.gen' from 'C:\\Users\\josep\\anaconda3\\lib\\site-packages\\comtypes\\gen\\__init__.py'>
2024-04-08 17:26:20,182 - INFO - Using writeable comtypes cache directory: 'C:\Users\josep\anaconda3\lib\site-packages\comtypes\gen'
2024-04-08 17:26:25,898 - INFO - Process github_automation Step 0 - Initializing and starting Process.
2024-04-08 17:26:38,026 - INFO - PERFORMANCE github_automation The total process duration was:17.87
2024-04-08 17:26:38,027 - INFO - PERFORMANCE github_automation Stop Time = 2024-04-08 17:26:38
2024-04-08 17:26:38,027 - INFO - PERFORMANCE github_automation Low process duration less than 3 minutes:17.87
2024-04-08 17:26:38,027 - INFO - PERFORMANCE github_automation Performance optimization is optional
2024-04-08 17:26:38,027 - INFO - END github_automation =============================================

<<<<<<<<<<<<<<<<<<<<<<<<<<<<<<<<<<<<<<<<<<<<<<<<<<<<<<<<<<<<<<<<<<<<<<<<<<<<<<<<<<<<<<<<<<<<<<<<<<<<<<<<<<<<<<<<<<<<<<<<
                                                                                                                        
